# JRE version: OpenJDK Runtime Environment (24.0.1+9) (build 24.0.1+9-30)
# Java VM: OpenJDK 64-Bit Server VM (24.0.1+9-30, mixed mode, sharing, tiered, compressed oops, compressed class ptrs, g1 gc, windows-amd64)
GC Precious Log:
 CardTable entry size: 512
 Card Set container configuration: InlinePtr #cards 5 size 8 Array Of Cards #cards 10 size 36 Howl #buckets 4 coarsen threshold 1843 Howl Bitmap #cards 512 size 80 coarsen threshold 460 Card regions per heap region 1 cards per card region 2048
 CPUs: 8 total, 8 available
 Memory: 7975M
 Large Page Support: Disabled
 NUMA Support: Disabled
 Compressed Oops: Enabled (32-bit)
 Heap Region Size: 1M
 Heap Min Capacity: 8M
 Heap Initial Capacity: 126M
 Heap Max Capacity: 1994M
 Pre-touch: Disabled
 Parallel Workers: 8
 Concurrent Workers: 2
 Concurrent Refinement Workers: 8
 Periodic GC: Disabled
Heap:
 garbage-first heap   total reserved 2041856K, committed 79872K, used 44321K [0x0000000083600000, 0x0000000100000000)
  region size 1024K, 4 young (4096K), 1 survivors (1024K)
 Metaspace       used 81267K, committed 81856K, reserved 1179648K
  class space    used 9104K, committed 9344K, reserved 1048576K
GC Heap History (20 events):
Event: 14.908 GC heap before
{Heap before GC invocations=14 (full 0):
 garbage-first heap   total reserved 2041856K, committed 55296K, used 48416K [0x0000000083600000, 0x0000000100000000)
  region size 1024K, 20 young (20480K), 2 survivors (2048K)
 Metaspace       used 66525K, committed 67072K, reserved 1114112K
  class space    used 6979K, committed 7232K, reserved 1048576K
}
Event: 14.913 GC heap after
{Heap after GC invocations=15 (full 0):
 garbage-first heap   total reserved 2041856K, committed 55296K, used 31149K [0x0000000083600000, 0x0000000100000000)
  region size 1024K, 3 young (3072K), 3 survivors (3072K)
 Metaspace       used 66525K, committed 67072K, reserved 1114112K
  class space    used 6979K, committed 7232K, reserved 1048576K
}
Event: 15.266 GC heap before
{Heap before GC invocations=15 (full 0):
 garbage-first heap   total reserved 2041856K, committed 55296K, used 46509K [0x0000000083600000, 0x0000000100000000)
  region size 1024K, 19 young (19456K), 3 survivors (3072K)
 Metaspace       used 69752K, committed 70272K, reserved 1114112K
  class space    used 7336K, committed 7552K, reserved 1048576K
}
Event: 15.270 GC heap after
{Heap after GC invocations=16 (full 0):
 garbage-first heap   total reserved 2041856K, committed 55296K, used 32168K [0x0000000083600000, 0x0000000100000000)
  region size 1024K, 3 young (3072K), 3 survivors (3072K)
 Metaspace       used 69752K, committed 70272K, reserved 1114112K
  class space    used 7336K, committed 7552K, reserved 1048576K
}
Event: 15.506 GC heap before
{Heap before GC invocations=17 (full 0):
 garbage-first heap   total reserved 2041856K, committed 55296K, used 47528K [0x0000000083600000, 0x0000000100000000)
  region size 1024K, 18 young (18432K), 3 survivors (3072K)
 Metaspace       used 71122K, committed 71680K, reserved 1114112K
  class space    used 7707K, committed 7936K, reserved 1048576K
}
Event: 15.509 GC heap after
{Heap after GC invocations=18 (full 0):
 garbage-first heap   total reserved 2041856K, committed 55296K, used 33421K [0x0000000083600000, 0x0000000100000000)
  region size 1024K, 3 young (3072K), 3 survivors (3072K)
 Metaspace       used 71122K, committed 71680K, reserved 1114112K
  class space    used 7707K, committed 7936K, reserved 1048576K
}
Event: 15.719 GC heap before
{Heap before GC invocations=18 (full 0):
 garbage-first heap   total reserved 2041856K, committed 55296K, used 45709K [0x0000000083600000, 0x0000000100000000)
  region size 1024K, 16 young (16384K), 3 survivors (3072K)
 Metaspace       used 72925K, committed 73472K, reserved 1179648K
  class space    used 8086K, committed 8320K, reserved 1048576K
}
Event: 15.724 GC heap after
{Heap after GC invocations=19 (full 0):
 garbage-first heap   total reserved 2041856K, committed 66560K, used 35265K [0x0000000083600000, 0x0000000100000000)
  region size 1024K, 2 young (2048K), 2 survivors (2048K)
 Metaspace       used 72925K, committed 73472K, reserved 1179648K
  class space    used 8086K, committed 8320K, reserved 1048576K
}
Event: 15.840 GC heap before
{Heap before GC invocations=19 (full 0):
 garbage-first heap   total reserved 2041856K, committed 66560K, used 57793K [0x0000000083600000, 0x0000000100000000)
  region size 1024K, 25 young (25600K), 2 survivors (2048K)
 Metaspace       used 74196K, committed 74688K, reserved 1179648K
  class space    used 8235K, committed 8448K, reserved 1048576K
}
Event: 15.843 GC heap after
{Heap after GC invocations=20 (full 0):
 garbage-first heap   total reserved 2041856K, committed 66560K, used 36780K [0x0000000083600000, 0x0000000100000000)
  region size 1024K, 4 young (4096K), 4 survivors (4096K)
 Metaspace       used 74196K, committed 74688K, reserved 1179648K
  class space    used 8235K, committed 8448K, reserved 1048576K
}
Event: 16.006 GC heap before
{Heap before GC invocations=20 (full 0):
 garbage-first heap   total reserved 2041856K, committed 66560K, used 57260K [0x0000000083600000, 0x0000000100000000)
  region size 1024K, 24 young (24576K), 4 survivors (4096K)
 Metaspace       used 74647K, committed 75136K, reserved 1179648K
  class space    used 8281K, committed 8512K, reserved 1048576K
}
Event: 16.010 GC heap after
{Heap after GC invocations=21 (full 0):
 garbage-first heap   total reserved 2041856K, committed 66560K, used 37463K [0x0000000083600000, 0x0000000100000000)
  region size 1024K, 3 young (3072K), 3 survivors (3072K)
 Metaspace       used 74647K, committed 75136K, reserved 1179648K
  class space    used 8281K, committed 8512K, reserved 1048576K
}
Event: 16.281 GC heap before
{Heap before GC invocations=21 (full 0):
 garbage-first heap   total reserved 2041856K, committed 66560K, used 57943K [0x0000000083600000, 0x0000000100000000)
  region size 1024K, 23 young (23552K), 3 survivors (3072K)
 Metaspace       used 75496K, committed 76096K, reserved 1179648K
  class space    used 8402K, committed 8640K, reserved 1048576K
}
Event: 16.286 GC heap after
{Heap after GC invocations=22 (full 0):
 garbage-first heap   total reserved 2041856K, committed 66560K, used 38523K [0x0000000083600000, 0x0000000100000000)
  region size 1024K, 2 young (2048K), 2 survivors (2048K)
 Metaspace       used 75496K, committed 76096K, reserved 1179648K
  class space    used 8402K, committed 8640K, reserved 1048576K
}
Event: 16.959 GC heap before
{Heap before GC invocations=23 (full 0):
 garbage-first heap   total reserved 2041856K, committed 66560K, used 60027K [0x0000000083600000, 0x0000000100000000)
  region size 1024K, 23 young (23552K), 2 survivors (2048K)
 Metaspace       used 77865K, committed 78464K, reserved 1179648K
  class space    used 8705K, committed 8960K, reserved 1048576K
}
Event: 16.965 GC heap after
{Heap after GC invocations=24 (full 0):
 garbage-first heap   total reserved 2041856K, committed 66560K, used 40477K [0x0000000083600000, 0x0000000100000000)
  region size 1024K, 3 young (3072K), 3 survivors (3072K)
 Metaspace       used 77865K, committed 78464K, reserved 1179648K
  class space    used 8705K, committed 8960K, reserved 1048576K
}
Event: 17.612 GC heap before
{Heap before GC invocations=24 (full 0):
 garbage-first heap   total reserved 2041856K, committed 66560K, used 58909K [0x0000000083600000, 0x0000000100000000)
  region size 1024K, 21 young (21504K), 3 survivors (3072K)
 Metaspace       used 79661K, committed 80256K, reserved 1179648K
  class space    used 8925K, committed 9152K, reserved 1048576K
}
Event: 17.620 GC heap after
{Heap after GC invocations=25 (full 0):
 garbage-first heap   total reserved 2041856K, committed 66560K, used 41666K [0x0000000083600000, 0x0000000100000000)
  region size 1024K, 2 young (2048K), 2 survivors (2048K)
 Metaspace       used 79661K, committed 80256K, reserved 1179648K
  class space    used 8925K, committed 9152K, reserved 1048576K
}
Event: 1456.688 GC heap before
{Heap before GC invocations=25 (full 0):
 garbage-first heap   total reserved 2041856K, committed 66560K, used 59074K [0x0000000083600000, 0x0000000100000000)
  region size 1024K, 20 young (20480K), 2 survivors (2048K)
 Metaspace       used 81206K, committed 81792K, reserved 1179648K
  class space    used 9104K, committed 9344K, reserved 1048576K
}
Event: 1456.765 GC heap after
{Heap after GC invocations=26 (full 0):
 garbage-first heap   total reserved 2041856K, committed 79872K, used 42273K [0x0000000083600000, 0x0000000100000000)
  region size 1024K, 1 young (1024K), 1 survivors (1024K)
 Metaspace       used 81206K, committed 81792K, reserved 1179648K
  class space    used 9104K, committed 9344K, reserved 1048576K
}

