# JRE version: OpenJDK Runtime Environment (24.0.1+9) (build 24.0.1+9-30)
# Java VM: OpenJDK 64-Bit Server VM (24.0.1+9-30, mixed mode, sharing, tiered, compressed oops, compressed class ptrs, g1 gc, windows-amd64)
GC Precious Log:
 CardTable entry size: 512
 Card Set container configuration: InlinePtr #cards 5 size 8 Array Of Cards #cards 10 size 36 Howl #buckets 4 coarsen threshold 1843 Howl Bitmap #cards 512 size 80 coarsen threshold 460 Card regions per heap region 1 cards per card region 2048
 CPUs: 8 total, 8 available
 Memory: 7975M
 Large Page Support: Disabled
 NUMA Support: Disabled
 Compressed Oops: Enabled (32-bit)
 Heap Region Size: 1M
 Heap Min Capacity: 8M
 Heap Initial Capacity: 126M
 Heap Max Capacity: 1994M
 Pre-touch: Disabled
 Parallel Workers: 8
 Concurrent Workers: 2
 Concurrent Refinement Workers: 8
 Periodic GC: Disabled
Heap:
 garbage-first heap   total reserved 2041856K, committed 78848K, used 48302K [0x0000000083600000, 0x0000000100000000)
  region size 1024K, 4 young (4096K), 1 survivors (1024K)
 Metaspace       used 87038K, committed 87744K, reserved 1179648K
  class space    used 9574K, committed 9856K, reserved 1048576K
GC Heap History (20 events):
Event: 17.051 GC heap before
{Heap before GC invocations=23 (full 0):
 garbage-first heap   total reserved 2041856K, committed 58368K, used 48879K [0x0000000083600000, 0x0000000100000000)
  region size 1024K, 16 young (16384K), 3 survivors (3072K)
 Metaspace       used 77540K, committed 78080K, reserved 1179648K
  class space    used 8477K, committed 8704K, reserved 1048576K
}
Event: 17.055 GC heap after
{Heap after GC invocations=24 (full 0):
 garbage-first heap   total reserved 2041856K, committed 58368K, used 37386K [0x0000000083600000, 0x0000000100000000)
  region size 1024K, 2 young (2048K), 2 survivors (2048K)
 Metaspace       used 77540K, committed 78080K, reserved 1179648K
  class space    used 8477K, committed 8704K, reserved 1048576K
}
Event: 17.086 GC heap before
{Heap before GC invocations=24 (full 0):
 garbage-first heap   total reserved 2041856K, committed 58368K, used 50698K [0x0000000083600000, 0x0000000100000000)
  region size 1024K, 15 young (15360K), 2 survivors (2048K)
 Metaspace       used 77558K, committed 78080K, reserved 1179648K
  class space    used 8477K, committed 8704K, reserved 1048576K
}
Event: 17.088 GC heap after
{Heap after GC invocations=25 (full 0):
 garbage-first heap   total reserved 2041856K, committed 58368K, used 37601K [0x0000000083600000, 0x0000000100000000)
  region size 1024K, 2 young (2048K), 2 survivors (2048K)
 Metaspace       used 77558K, committed 78080K, reserved 1179648K
  class space    used 8477K, committed 8704K, reserved 1048576K
}
Event: 17.328 GC heap before
{Heap before GC invocations=26 (full 0):
 garbage-first heap   total reserved 2041856K, committed 65536K, used 50913K [0x0000000083600000, 0x0000000100000000)
  region size 1024K, 15 young (15360K), 2 survivors (2048K)
 Metaspace       used 79093K, committed 79744K, reserved 1179648K
  class space    used 8683K, committed 8960K, reserved 1048576K
}
Event: 17.330 GC heap after
{Heap after GC invocations=27 (full 0):
 garbage-first heap   total reserved 2041856K, committed 65536K, used 38223K [0x0000000083600000, 0x0000000100000000)
  region size 1024K, 2 young (2048K), 2 survivors (2048K)
 Metaspace       used 79093K, committed 79744K, reserved 1179648K
  class space    used 8683K, committed 8960K, reserved 1048576K
}
Event: 17.436 GC heap before
{Heap before GC invocations=27 (full 0):
 garbage-first heap   total reserved 2041856K, committed 65536K, used 57679K [0x0000000083600000, 0x0000000100000000)
  region size 1024K, 21 young (21504K), 2 survivors (2048K)
 Metaspace       used 79239K, committed 79872K, reserved 1179648K
  class space    used 8690K, committed 8960K, reserved 1048576K
}
Event: 17.439 GC heap after
{Heap after GC invocations=28 (full 0):
 garbage-first heap   total reserved 2041856K, committed 65536K, used 39330K [0x0000000083600000, 0x0000000100000000)
  region size 1024K, 3 young (3072K), 3 survivors (3072K)
 Metaspace       used 79239K, committed 79872K, reserved 1179648K
  class space    used 8690K, committed 8960K, reserved 1048576K
}
Event: 17.622 GC heap before
{Heap before GC invocations=28 (full 0):
 garbage-first heap   total reserved 2041856K, committed 65536K, used 56738K [0x0000000083600000, 0x0000000100000000)
  region size 1024K, 20 young (20480K), 3 survivors (3072K)
 Metaspace       used 79726K, committed 80320K, reserved 1179648K
  class space    used 8758K, committed 9024K, reserved 1048576K
}
Event: 17.626 GC heap after
{Heap after GC invocations=29 (full 0):
 garbage-first heap   total reserved 2041856K, committed 78848K, used 39427K [0x0000000083600000, 0x0000000100000000)
  region size 1024K, 2 young (2048K), 2 survivors (2048K)
 Metaspace       used 79726K, committed 80320K, reserved 1179648K
  class space    used 8758K, committed 9024K, reserved 1048576K
}
Event: 18.212 GC heap before
{Heap before GC invocations=30 (full 0):
 garbage-first heap   total reserved 2041856K, committed 78848K, used 71171K [0x0000000083600000, 0x0000000100000000)
  region size 1024K, 33 young (33792K), 2 survivors (2048K)
 Metaspace       used 81297K, committed 81920K, reserved 1179648K
  class space    used 8934K, committed 9216K, reserved 1048576K
}
Event: 18.217 GC heap after
{Heap after GC invocations=31 (full 0):
 garbage-first heap   total reserved 2041856K, committed 78848K, used 41366K [0x0000000083600000, 0x0000000100000000)
  region size 1024K, 4 young (4096K), 4 survivors (4096K)
 Metaspace       used 81297K, committed 81920K, reserved 1179648K
  class space    used 8934K, committed 9216K, reserved 1048576K
}
Event: 18.975 GC heap before
{Heap before GC invocations=31 (full 0):
 garbage-first heap   total reserved 2041856K, committed 78848K, used 69014K [0x0000000083600000, 0x0000000100000000)
  region size 1024K, 31 young (31744K), 4 survivors (4096K)
 Metaspace       used 83707K, committed 84352K, reserved 1179648K
  class space    used 9233K, committed 9472K, reserved 1048576K
}
Event: 18.981 GC heap after
{Heap after GC invocations=32 (full 0):
 garbage-first heap   total reserved 2041856K, committed 78848K, used 43733K [0x0000000083600000, 0x0000000100000000)
  region size 1024K, 4 young (4096K), 4 survivors (4096K)
 Metaspace       used 83707K, committed 84352K, reserved 1179648K
  class space    used 9233K, committed 9472K, reserved 1048576K
}
Event: 19.356 GC heap before
{Heap before GC invocations=32 (full 0):
 garbage-first heap   total reserved 2041856K, committed 78848K, used 69333K [0x0000000083600000, 0x0000000100000000)
  region size 1024K, 29 young (29696K), 4 survivors (4096K)
 Metaspace       used 85027K, committed 85696K, reserved 1179648K
  class space    used 9375K, committed 9664K, reserved 1048576K
}
Event: 19.361 GC heap after
{Heap after GC invocations=33 (full 0):
 garbage-first heap   total reserved 2041856K, committed 78848K, used 46142K [0x0000000083600000, 0x0000000100000000)
  region size 1024K, 3 young (3072K), 3 survivors (3072K)
 Metaspace       used 85027K, committed 85696K, reserved 1179648K
  class space    used 9375K, committed 9664K, reserved 1048576K
}
Event: 231.115 GC heap before
{Heap before GC invocations=34 (full 0):
 garbage-first heap   total reserved 2041856K, committed 78848K, used 68670K [0x0000000083600000, 0x0000000100000000)
  region size 1024K, 26 young (26624K), 3 survivors (3072K)
 Metaspace       used 86810K, committed 87488K, reserved 1179648K
  class space    used 9567K, committed 9856K, reserved 1048576K
}
Event: 231.206 GC heap after
{Heap after GC invocations=35 (full 0):
 garbage-first heap   total reserved 2041856K, committed 78848K, used 46297K [0x0000000083600000, 0x0000000100000000)
  region size 1024K, 3 young (3072K), 3 survivors (3072K)
 Metaspace       used 86810K, committed 87488K, reserved 1179648K
  class space    used 9567K, committed 9856K, reserved 1048576K
}
Event: 1518.210 GC heap before
{Heap before GC invocations=35 (full 0):
 garbage-first heap   total reserved 2041856K, committed 78848K, used 69849K [0x0000000083600000, 0x0000000100000000)
  region size 1024K, 26 young (26624K), 3 survivors (3072K)
 Metaspace       used 86999K, committed 87616K, reserved 1179648K
  class space    used 9574K, committed 9856K, reserved 1048576K
}
Event: 1518.323 GC heap after
{Heap after GC invocations=36 (full 0):
 garbage-first heap   total reserved 2041856K, committed 78848K, used 46254K [0x0000000083600000, 0x0000000100000000)
  region size 1024K, 1 young (1024K), 1 survivors (1024K)
 Metaspace       used 86999K, committed 87616K, reserved 1179648K
  class space    used 9574K, committed 9856K, reserved 1048576K
}

