# JRE version: OpenJDK Runtime Environment (24.0.1+9) (build 24.0.1+9-30)
# Java VM: OpenJDK 64-Bit Server VM (24.0.1+9-30, mixed mode, sharing, tiered, compressed oops, compressed class ptrs, g1 gc, windows-amd64)
GC Precious Log:
 CardTable entry size: 512
 Card Set container configuration: InlinePtr #cards 5 size 8 Array Of Cards #cards 10 size 36 Howl #buckets 4 coarsen threshold 1843 Howl Bitmap #cards 512 size 80 coarsen threshold 460 Card regions per heap region 1 cards per card region 2048
 CPUs: 8 total, 8 available
 Memory: 7975M
 Large Page Support: Disabled
 NUMA Support: Disabled
 Compressed Oops: Enabled (32-bit)
 Heap Region Size: 1M
 Heap Min Capacity: 8M
 Heap Initial Capacity: 126M
 Heap Max Capacity: 1994M
 Pre-touch: Disabled
 Parallel Workers: 8
 Concurrent Workers: 2
 Concurrent Refinement Workers: 8
 Periodic GC: Disabled
Heap:
 garbage-first heap   total reserved 2041856K, committed 144384K, used 69796K [0x0000000083600000, 0x0000000100000000)
  region size 1024K, 24 young (24576K), 6 survivors (6144K)
 Metaspace       used 95204K, committed 95936K, reserved 1179648K
  class space    used 10364K, committed 10688K, reserved 1048576K
GC Heap History (20 events):
Event: 10.818 GC heap before
{Heap before GC invocations=26 (full 0):
 garbage-first heap   total reserved 2041856K, committed 70656K, used 61565K [0x0000000083600000, 0x0000000100000000)
  region size 1024K, 26 young (26624K), 3 survivors (3072K)
 Metaspace       used 79447K, committed 80000K, reserved 1179648K
  class space    used 8732K, committed 8960K, reserved 1048576K
}
Event: 10.820 GC heap after
{Heap after GC invocations=27 (full 0):
 garbage-first heap   total reserved 2041856K, committed 70656K, used 39115K [0x0000000083600000, 0x0000000100000000)
  region size 1024K, 3 young (3072K), 3 survivors (3072K)
 Metaspace       used 79447K, committed 80000K, reserved 1179648K
  class space    used 8732K, committed 8960K, reserved 1048576K
}
Event: 10.946 GC heap before
{Heap before GC invocations=27 (full 0):
 garbage-first heap   total reserved 2041856K, committed 70656K, used 61643K [0x0000000083600000, 0x0000000100000000)
  region size 1024K, 25 young (25600K), 3 survivors (3072K)
 Metaspace       used 79963K, committed 80512K, reserved 1179648K
  class space    used 8800K, committed 9024K, reserved 1048576K
}
Event: 10.948 GC heap after
{Heap after GC invocations=28 (full 0):
 garbage-first heap   total reserved 2041856K, committed 70656K, used 39892K [0x0000000083600000, 0x0000000100000000)
  region size 1024K, 2 young (2048K), 2 survivors (2048K)
 Metaspace       used 79963K, committed 80512K, reserved 1179648K
  class space    used 8800K, committed 9024K, reserved 1048576K
}
Event: 11.004 GC heap before
{Heap before GC invocations=29 (full 0):
 garbage-first heap   total reserved 2041856K, committed 70656K, used 63444K [0x0000000083600000, 0x0000000100000000)
  region size 1024K, 25 young (25600K), 2 survivors (2048K)
 Metaspace       used 79973K, committed 80512K, reserved 1179648K
  class space    used 8800K, committed 9024K, reserved 1048576K
}
Event: 11.006 GC heap after
{Heap after GC invocations=30 (full 0):
 garbage-first heap   total reserved 2041856K, committed 70656K, used 40818K [0x0000000083600000, 0x0000000100000000)
  region size 1024K, 3 young (3072K), 3 survivors (3072K)
 Metaspace       used 79973K, committed 80512K, reserved 1179648K
  class space    used 8800K, committed 9024K, reserved 1048576K
}
Event: 11.046 GC heap before
{Heap before GC invocations=30 (full 0):
 garbage-first heap   total reserved 2041856K, committed 70656K, used 62322K [0x0000000083600000, 0x0000000100000000)
  region size 1024K, 24 young (24576K), 3 survivors (3072K)
 Metaspace       used 79976K, committed 80512K, reserved 1179648K
  class space    used 8800K, committed 9024K, reserved 1048576K
}
Event: 11.054 GC heap after
{Heap after GC invocations=31 (full 0):
 garbage-first heap   total reserved 2041856K, committed 73728K, used 47314K [0x0000000083600000, 0x0000000100000000)
  region size 1024K, 3 young (3072K), 3 survivors (3072K)
 Metaspace       used 79976K, committed 80512K, reserved 1179648K
  class space    used 8800K, committed 9024K, reserved 1048576K
}
Event: 11.070 GC heap before
{Heap before GC invocations=31 (full 0):
 garbage-first heap   total reserved 2041856K, committed 73728K, used 63698K [0x0000000083600000, 0x0000000100000000)
  region size 1024K, 19 young (19456K), 3 survivors (3072K)
 Metaspace       used 79977K, committed 80512K, reserved 1179648K
  class space    used 8800K, committed 9024K, reserved 1048576K
}
Event: 11.074 GC heap after
{Heap after GC invocations=32 (full 0):
 garbage-first heap   total reserved 2041856K, committed 144384K, used 49576K [0x0000000083600000, 0x0000000100000000)
  region size 1024K, 2 young (2048K), 2 survivors (2048K)
 Metaspace       used 79977K, committed 80512K, reserved 1179648K
  class space    used 8800K, committed 9024K, reserved 1048576K
}
Event: 11.277 GC heap before
{Heap before GC invocations=33 (full 0):
 garbage-first heap   total reserved 2041856K, committed 144384K, used 126376K [0x0000000083600000, 0x0000000100000000)
  region size 1024K, 77 young (78848K), 2 survivors (2048K)
 Metaspace       used 80222K, committed 80768K, reserved 1179648K
  class space    used 8828K, committed 9088K, reserved 1048576K
}
Event: 11.280 GC heap after
{Heap after GC invocations=34 (full 0):
 garbage-first heap   total reserved 2041856K, committed 144384K, used 49464K [0x0000000083600000, 0x0000000100000000)
  region size 1024K, 2 young (2048K), 2 survivors (2048K)
 Metaspace       used 80222K, committed 80768K, reserved 1179648K
  class space    used 8828K, committed 9088K, reserved 1048576K
}
Event: 12.192 GC heap before
{Heap before GC invocations=34 (full 0):
 garbage-first heap   total reserved 2041856K, committed 144384K, used 113976K [0x0000000083600000, 0x0000000100000000)
  region size 1024K, 65 young (66560K), 2 survivors (2048K)
 Metaspace       used 83954K, committed 84544K, reserved 1179648K
  class space    used 9242K, committed 9472K, reserved 1048576K
}
Event: 12.201 GC heap after
{Heap after GC invocations=35 (full 0):
 garbage-first heap   total reserved 2041856K, committed 144384K, used 53672K [0x0000000083600000, 0x0000000100000000)
  region size 1024K, 7 young (7168K), 7 survivors (7168K)
 Metaspace       used 83954K, committed 84544K, reserved 1179648K
  class space    used 9242K, committed 9472K, reserved 1048576K
}
Event: 368.698 GC heap before
{Heap before GC invocations=35 (full 0):
 garbage-first heap   total reserved 2041856K, committed 144384K, used 119208K [0x0000000083600000, 0x0000000100000000)
  region size 1024K, 71 young (72704K), 7 survivors (7168K)
 Metaspace       used 92291K, committed 92928K, reserved 1179648K
  class space    used 10210K, committed 10496K, reserved 1048576K
}
Event: 368.741 GC heap after
{Heap after GC invocations=36 (full 0):
 garbage-first heap   total reserved 2041856K, committed 144384K, used 57571K [0x0000000083600000, 0x0000000100000000)
  region size 1024K, 9 young (9216K), 9 survivors (9216K)
 Metaspace       used 92291K, committed 92928K, reserved 1179648K
  class space    used 10210K, committed 10496K, reserved 1048576K
}
Event: 2483.216 GC heap before
{Heap before GC invocations=37 (full 0):
 garbage-first heap   total reserved 2041856K, committed 144384K, used 119011K [0x0000000083600000, 0x0000000100000000)
  region size 1024K, 73 young (74752K), 9 survivors (9216K)
 Metaspace       used 93361K, committed 94016K, reserved 1179648K
  class space    used 10266K, committed 10560K, reserved 1048576K
}
Event: 2483.316 GC heap after
{Heap after GC invocations=38 (full 0):
 garbage-first heap   total reserved 2041856K, committed 144384K, used 54385K [0x0000000083600000, 0x0000000100000000)
  region size 1024K, 6 young (6144K), 6 survivors (6144K)
 Metaspace       used 93361K, committed 94016K, reserved 1179648K
  class space    used 10266K, committed 10560K, reserved 1048576K
}
Event: 4215.983 GC heap before
{Heap before GC invocations=38 (full 0):
 garbage-first heap   total reserved 2041856K, committed 144384K, used 124017K [0x0000000083600000, 0x0000000100000000)
  region size 1024K, 74 young (75776K), 6 survivors (6144K)
 Metaspace       used 95027K, committed 95744K, reserved 1179648K
  class space    used 10364K, committed 10688K, reserved 1048576K
}
Event: 4216.090 GC heap after
{Heap after GC invocations=39 (full 0):
 garbage-first heap   total reserved 2041856K, committed 144384K, used 52388K [0x0000000083600000, 0x0000000100000000)
  region size 1024K, 6 young (6144K), 6 survivors (6144K)
 Metaspace       used 95027K, committed 95744K, reserved 1179648K
  class space    used 10364K, committed 10688K, reserved 1048576K
}

