# JRE version: OpenJDK Runtime Environment (24.0.1+9) (build 24.0.1+9-30)
# Java VM: OpenJDK 64-Bit Server VM (24.0.1+9-30, mixed mode, sharing, tiered, compressed oops, compressed class ptrs, g1 gc, windows-amd64)
GC Precious Log:
 CardTable entry size: 512
 Card Set container configuration: InlinePtr #cards 5 size 8 Array Of Cards #cards 10 size 36 Howl #buckets 4 coarsen threshold 1843 Howl Bitmap #cards 512 size 80 coarsen threshold 460 Card regions per heap region 1 cards per card region 2048
 CPUs: 8 total, 8 available
 Memory: 7975M
 Large Page Support: Disabled
 NUMA Support: Disabled
 Compressed Oops: Enabled (32-bit)
 Heap Region Size: 1M
 Heap Min Capacity: 8M
 Heap Initial Capacity: 126M
 Heap Max Capacity: 1994M
 Pre-touch: Disabled
 Parallel Workers: 8
 Concurrent Workers: 2
 Concurrent Refinement Workers: 8
 Periodic GC: Disabled
Heap:
 garbage-first heap   total reserved 2041856K, committed 161792K, used 66215K [0x0000000083600000, 0x0000000100000000)
  region size 1024K, 21 young (21504K), 9 survivors (9216K)
 Metaspace       used 92002K, committed 92672K, reserved 1179648K
  class space    used 10168K, committed 10432K, reserved 1048576K
GC Heap History (20 events):
Event: 11.896 GC heap before
{Heap before GC invocations=23 (full 0):
 garbage-first heap   total reserved 2041856K, committed 66560K, used 57502K [0x0000000083600000, 0x0000000100000000)
  region size 1024K, 23 young (23552K), 3 survivors (3072K)
 Metaspace       used 79362K, committed 79936K, reserved 1179648K
  class space    used 8707K, committed 8960K, reserved 1048576K
}
Event: 11.900 GC heap after
{Heap after GC invocations=24 (full 0):
 garbage-first heap   total reserved 2041856K, committed 66560K, used 39155K [0x0000000083600000, 0x0000000100000000)
  region size 1024K, 3 young (3072K), 3 survivors (3072K)
 Metaspace       used 79362K, committed 79936K, reserved 1179648K
  class space    used 8707K, committed 8960K, reserved 1048576K
}
Event: 12.059 GC heap before
{Heap before GC invocations=25 (full 0):
 garbage-first heap   total reserved 2041856K, committed 66560K, used 58611K [0x0000000083600000, 0x0000000100000000)
  region size 1024K, 22 young (22528K), 3 survivors (3072K)
 Metaspace       used 79496K, committed 80128K, reserved 1179648K
  class space    used 8728K, committed 9024K, reserved 1048576K
}
Event: 12.061 GC heap after
{Heap after GC invocations=26 (full 0):
 garbage-first heap   total reserved 2041856K, committed 66560K, used 39864K [0x0000000083600000, 0x0000000100000000)
  region size 1024K, 2 young (2048K), 2 survivors (2048K)
 Metaspace       used 79496K, committed 80128K, reserved 1179648K
  class space    used 8728K, committed 9024K, reserved 1048576K
}
Event: 12.232 GC heap before
{Heap before GC invocations=26 (full 0):
 garbage-first heap   total reserved 2041856K, committed 66560K, used 59320K [0x0000000083600000, 0x0000000100000000)
  region size 1024K, 21 young (21504K), 2 survivors (2048K)
 Metaspace       used 79948K, committed 80576K, reserved 1179648K
  class space    used 8790K, committed 9088K, reserved 1048576K
}
Event: 12.237 GC heap after
{Heap after GC invocations=27 (full 0):
 garbage-first heap   total reserved 2041856K, committed 79872K, used 40353K [0x0000000083600000, 0x0000000100000000)
  region size 1024K, 2 young (2048K), 2 survivors (2048K)
 Metaspace       used 79948K, committed 80576K, reserved 1179648K
  class space    used 8790K, committed 9088K, reserved 1048576K
}
Event: 12.308 GC heap before
{Heap before GC invocations=27 (full 0):
 garbage-first heap   total reserved 2041856K, committed 79872K, used 72097K [0x0000000083600000, 0x0000000100000000)
  region size 1024K, 33 young (33792K), 2 survivors (2048K)
 Metaspace       used 79968K, committed 80576K, reserved 1179648K
  class space    used 8791K, committed 9088K, reserved 1048576K
}
Event: 12.311 GC heap after
{Heap after GC invocations=28 (full 0):
 garbage-first heap   total reserved 2041856K, committed 79872K, used 41278K [0x0000000083600000, 0x0000000100000000)
  region size 1024K, 3 young (3072K), 3 survivors (3072K)
 Metaspace       used 79968K, committed 80576K, reserved 1179648K
  class space    used 8791K, committed 9088K, reserved 1048576K
}
Event: 12.370 GC heap before
{Heap before GC invocations=29 (full 0):
 garbage-first heap   total reserved 2041856K, committed 79872K, used 70974K [0x0000000083600000, 0x0000000100000000)
  region size 1024K, 32 young (32768K), 3 survivors (3072K)
 Metaspace       used 79970K, committed 80576K, reserved 1179648K
  class space    used 8791K, committed 9088K, reserved 1048576K
}
Event: 12.373 GC heap after
{Heap after GC invocations=30 (full 0):
 garbage-first heap   total reserved 2041856K, committed 79872K, used 40892K [0x0000000083600000, 0x0000000100000000)
  region size 1024K, 2 young (2048K), 2 survivors (2048K)
 Metaspace       used 79970K, committed 80576K, reserved 1179648K
  class space    used 8791K, committed 9088K, reserved 1048576K
}
Event: 12.437 GC heap before
{Heap before GC invocations=30 (full 0):
 garbage-first heap   total reserved 2041856K, committed 79872K, used 71612K [0x0000000083600000, 0x0000000100000000)
  region size 1024K, 32 young (32768K), 2 survivors (2048K)
 Metaspace       used 79983K, committed 80576K, reserved 1179648K
  class space    used 8793K, committed 9088K, reserved 1048576K
}
Event: 12.442 GC heap after
{Heap after GC invocations=31 (full 0):
 garbage-first heap   total reserved 2041856K, committed 79872K, used 44142K [0x0000000083600000, 0x0000000100000000)
  region size 1024K, 4 young (4096K), 4 survivors (4096K)
 Metaspace       used 79983K, committed 80576K, reserved 1179648K
  class space    used 8793K, committed 9088K, reserved 1048576K
}
Event: 12.491 GC heap before
{Heap before GC invocations=31 (full 0):
 garbage-first heap   total reserved 2041856K, committed 79872K, used 69742K [0x0000000083600000, 0x0000000100000000)
  region size 1024K, 29 young (29696K), 4 survivors (4096K)
 Metaspace       used 79983K, committed 80576K, reserved 1179648K
  class space    used 8793K, committed 9088K, reserved 1048576K
}
Event: 12.496 GC heap after
{Heap after GC invocations=32 (full 0):
 garbage-first heap   total reserved 2041856K, committed 79872K, used 46925K [0x0000000083600000, 0x0000000100000000)
  region size 1024K, 3 young (3072K), 3 survivors (3072K)
 Metaspace       used 79983K, committed 80576K, reserved 1179648K
  class space    used 8793K, committed 9088K, reserved 1048576K
}
Event: 12.711 GC heap before
{Heap before GC invocations=33 (full 0):
 garbage-first heap   total reserved 2041856K, committed 80896K, used 70477K [0x0000000083600000, 0x0000000100000000)
  region size 1024K, 26 young (26624K), 3 survivors (3072K)
 Metaspace       used 80422K, committed 81024K, reserved 1179648K
  class space    used 8833K, committed 9088K, reserved 1048576K
}
Event: 12.714 GC heap after
{Heap after GC invocations=34 (full 0):
 garbage-first heap   total reserved 2041856K, committed 80896K, used 47702K [0x0000000083600000, 0x0000000100000000)
  region size 1024K, 2 young (2048K), 2 survivors (2048K)
 Metaspace       used 80422K, committed 81024K, reserved 1179648K
  class space    used 8833K, committed 9088K, reserved 1048576K
}
Event: 12.929 GC heap before
{Heap before GC invocations=34 (full 0):
 garbage-first heap   total reserved 2041856K, committed 80896K, used 73302K [0x0000000083600000, 0x0000000100000000)
  region size 1024K, 27 young (27648K), 2 survivors (2048K)
 Metaspace       used 81022K, committed 81664K, reserved 1179648K
  class space    used 8866K, committed 9152K, reserved 1048576K
}
Event: 12.932 GC heap after
{Heap after GC invocations=35 (full 0):
 garbage-first heap   total reserved 2041856K, committed 161792K, used 48730K [0x0000000083600000, 0x0000000100000000)
  region size 1024K, 3 young (3072K), 3 survivors (3072K)
 Metaspace       used 81022K, committed 81664K, reserved 1179648K
  class space    used 8866K, committed 9152K, reserved 1048576K
}
Event: 64.544 GC heap before
{Heap before GC invocations=35 (full 0):
 garbage-first heap   total reserved 2041856K, committed 161792K, used 131674K [0x0000000083600000, 0x0000000100000000)
  region size 1024K, 85 young (87040K), 3 survivors (3072K)
 Metaspace       used 90935K, committed 91584K, reserved 1179648K
  class space    used 10070K, committed 10368K, reserved 1048576K
}
Event: 64.588 GC heap after
{Heap after GC invocations=36 (full 0):
 garbage-first heap   total reserved 2041856K, committed 161792K, used 54951K [0x0000000083600000, 0x0000000100000000)
  region size 1024K, 9 young (9216K), 9 survivors (9216K)
 Metaspace       used 90935K, committed 91584K, reserved 1179648K
  class space    used 10070K, committed 10368K, reserved 1048576K
}

