# JRE version: OpenJDK Runtime Environment (24.0.1+9) (build 24.0.1+9-30)
# Java VM: OpenJDK 64-Bit Server VM (24.0.1+9-30, mixed mode, sharing, tiered, compressed oops, compressed class ptrs, g1 gc, windows-amd64)
GC Precious Log:
 CardTable entry size: 512
 Card Set container configuration: InlinePtr #cards 5 size 8 Array Of Cards #cards 10 size 36 Howl #buckets 4 coarsen threshold 1843 Howl Bitmap #cards 512 size 80 coarsen threshold 460 Card regions per heap region 1 cards per card region 2048
 CPUs: 8 total, 8 available
 Memory: 7975M
 Large Page Support: Disabled
 NUMA Support: Disabled
 Compressed Oops: Enabled (32-bit)
 Heap Region Size: 1M
 Heap Min Capacity: 8M
 Heap Initial Capacity: 126M
 Heap Max Capacity: 1994M
 Pre-touch: Disabled
 Parallel Workers: 8
 Concurrent Workers: 2
 Concurrent Refinement Workers: 8
 Periodic GC: Disabled
Heap:
 garbage-first heap   total reserved 2041856K, committed 138240K, used 96911K [0x0000000083600000, 0x0000000100000000)
  region size 1024K, 57 young (58368K), 8 survivors (8192K)
 Metaspace       used 92578K, committed 93184K, reserved 1179648K
  class space    used 10229K, committed 10496K, reserved 1048576K
GC Heap History (20 events):
Event: 9.231 GC heap before
{Heap before GC invocations=18 (full 0):
 garbage-first heap   total reserved 2041856K, committed 67584K, used 59267K [0x0000000083600000, 0x0000000100000000)
  region size 1024K, 29 young (29696K), 2 survivors (2048K)
 Metaspace       used 70998K, committed 71616K, reserved 1114112K
  class space    used 7407K, committed 7680K, reserved 1048576K
}
Event: 9.235 GC heap after
{Heap after GC invocations=19 (full 0):
 garbage-first heap   total reserved 2041856K, committed 67584K, used 35021K [0x0000000083600000, 0x0000000100000000)
  region size 1024K, 4 young (4096K), 4 survivors (4096K)
 Metaspace       used 70998K, committed 71616K, reserved 1114112K
  class space    used 7407K, committed 7680K, reserved 1048576K
}
Event: 9.781 GC heap before
{Heap before GC invocations=19 (full 0):
 garbage-first heap   total reserved 2041856K, committed 67584K, used 57549K [0x0000000083600000, 0x0000000100000000)
  region size 1024K, 27 young (27648K), 4 survivors (4096K)
 Metaspace       used 76111K, committed 76672K, reserved 1179648K
  class space    used 8153K, committed 8384K, reserved 1048576K
}
Event: 9.786 GC heap after
{Heap after GC invocations=20 (full 0):
 garbage-first heap   total reserved 2041856K, committed 67584K, used 37382K [0x0000000083600000, 0x0000000100000000)
  region size 1024K, 3 young (3072K), 3 survivors (3072K)
 Metaspace       used 76111K, committed 76672K, reserved 1179648K
  class space    used 8153K, committed 8384K, reserved 1048576K
}
Event: 9.975 GC heap before
{Heap before GC invocations=20 (full 0):
 garbage-first heap   total reserved 2041856K, committed 67584K, used 57862K [0x0000000083600000, 0x0000000100000000)
  region size 1024K, 24 young (24576K), 3 survivors (3072K)
 Metaspace       used 77957K, committed 78464K, reserved 1179648K
  class space    used 8539K, committed 8768K, reserved 1048576K
}
Event: 9.979 GC heap after
{Heap after GC invocations=21 (full 0):
 garbage-first heap   total reserved 2041856K, committed 67584K, used 39627K [0x0000000083600000, 0x0000000100000000)
  region size 1024K, 3 young (3072K), 3 survivors (3072K)
 Metaspace       used 77957K, committed 78464K, reserved 1179648K
  class space    used 8539K, committed 8768K, reserved 1048576K
}
Event: 10.023 GC heap before
{Heap before GC invocations=22 (full 0):
 garbage-first heap   total reserved 2041856K, committed 68608K, used 59083K [0x0000000083600000, 0x0000000100000000)
  region size 1024K, 22 young (22528K), 3 survivors (3072K)
 Metaspace       used 77964K, committed 78528K, reserved 1179648K
  class space    used 8539K, committed 8768K, reserved 1048576K
}
Event: 10.025 GC heap after
{Heap after GC invocations=23 (full 0):
 garbage-first heap   total reserved 2041856K, committed 68608K, used 39592K [0x0000000083600000, 0x0000000100000000)
  region size 1024K, 1 young (1024K), 1 survivors (1024K)
 Metaspace       used 77964K, committed 78528K, reserved 1179648K
  class space    used 8539K, committed 8768K, reserved 1048576K
}
Event: 10.219 GC heap before
{Heap before GC invocations=23 (full 0):
 garbage-first heap   total reserved 2041856K, committed 68608K, used 63144K [0x0000000083600000, 0x0000000100000000)
  region size 1024K, 24 young (24576K), 1 survivors (1024K)
 Metaspace       used 79493K, committed 80064K, reserved 1179648K
  class space    used 8735K, committed 8960K, reserved 1048576K
}
Event: 10.222 GC heap after
{Heap after GC invocations=24 (full 0):
 garbage-first heap   total reserved 2041856K, committed 68608K, used 39882K [0x0000000083600000, 0x0000000100000000)
  region size 1024K, 2 young (2048K), 2 survivors (2048K)
 Metaspace       used 79493K, committed 80064K, reserved 1179648K
  class space    used 8735K, committed 8960K, reserved 1048576K
}
Event: 10.336 GC heap before
{Heap before GC invocations=24 (full 0):
 garbage-first heap   total reserved 2041856K, committed 68608K, used 61386K [0x0000000083600000, 0x0000000100000000)
  region size 1024K, 23 young (23552K), 2 survivors (2048K)
 Metaspace       used 79973K, committed 80576K, reserved 1179648K
  class space    used 8802K, committed 9024K, reserved 1048576K
}
Event: 10.339 GC heap after
{Heap after GC invocations=25 (full 0):
 garbage-first heap   total reserved 2041856K, committed 68608K, used 40492K [0x0000000083600000, 0x0000000100000000)
  region size 1024K, 2 young (2048K), 2 survivors (2048K)
 Metaspace       used 79973K, committed 80576K, reserved 1179648K
  class space    used 8802K, committed 9024K, reserved 1048576K
}
Event: 10.383 GC heap before
{Heap before GC invocations=26 (full 0):
 garbage-first heap   total reserved 2041856K, committed 68608K, used 61996K [0x0000000083600000, 0x0000000100000000)
  region size 1024K, 23 young (23552K), 2 survivors (2048K)
 Metaspace       used 79982K, committed 80576K, reserved 1179648K
  class space    used 8802K, committed 9024K, reserved 1048576K
}
Event: 10.385 GC heap after
{Heap after GC invocations=27 (full 0):
 garbage-first heap   total reserved 2041856K, committed 138240K, used 41311K [0x0000000083600000, 0x0000000100000000)
  region size 1024K, 3 young (3072K), 3 survivors (3072K)
 Metaspace       used 79982K, committed 80576K, reserved 1179648K
  class space    used 8802K, committed 9024K, reserved 1048576K
}
Event: 10.494 GC heap before
{Heap before GC invocations=27 (full 0):
 garbage-first heap   total reserved 2041856K, committed 138240K, used 121183K [0x0000000083600000, 0x0000000100000000)
  region size 1024K, 81 young (82944K), 3 survivors (3072K)
 Metaspace       used 80018K, committed 80576K, reserved 1179648K
  class space    used 8810K, committed 9024K, reserved 1048576K
}
Event: 10.499 GC heap after
{Heap after GC invocations=28 (full 0):
 garbage-first heap   total reserved 2041856K, committed 138240K, used 46497K [0x0000000083600000, 0x0000000100000000)
  region size 1024K, 8 young (8192K), 8 survivors (8192K)
 Metaspace       used 80018K, committed 80576K, reserved 1179648K
  class space    used 8810K, committed 9024K, reserved 1048576K
}
Event: 10.871 GC heap before
{Heap before GC invocations=28 (full 0):
 garbage-first heap   total reserved 2041856K, committed 138240K, used 109985K [0x0000000083600000, 0x0000000100000000)
  region size 1024K, 70 young (71680K), 8 survivors (8192K)
 Metaspace       used 80855K, committed 81408K, reserved 1179648K
  class space    used 8869K, committed 9088K, reserved 1048576K
}
Event: 10.877 GC heap after
{Heap after GC invocations=29 (full 0):
 garbage-first heap   total reserved 2041856K, committed 138240K, used 43786K [0x0000000083600000, 0x0000000100000000)
  region size 1024K, 3 young (3072K), 3 survivors (3072K)
 Metaspace       used 80855K, committed 81408K, reserved 1179648K
  class space    used 8869K, committed 9088K, reserved 1048576K
}
Event: 12.666 GC heap before
{Heap before GC invocations=29 (full 0):
 garbage-first heap   total reserved 2041856K, committed 138240K, used 111370K [0x0000000083600000, 0x0000000100000000)
  region size 1024K, 69 young (70656K), 3 survivors (3072K)
 Metaspace       used 85978K, committed 86656K, reserved 1179648K
  class space    used 9478K, committed 9792K, reserved 1048576K
}
Event: 12.673 GC heap after
{Heap after GC invocations=30 (full 0):
 garbage-first heap   total reserved 2041856K, committed 138240K, used 48783K [0x0000000083600000, 0x0000000100000000)
  region size 1024K, 8 young (8192K), 8 survivors (8192K)
 Metaspace       used 85978K, committed 86656K, reserved 1179648K
  class space    used 9478K, committed 9792K, reserved 1048576K
}

