# JRE version: OpenJDK Runtime Environment (24.0.1+9) (build 24.0.1+9-30)
# Java VM: OpenJDK 64-Bit Server VM (24.0.1+9-30, mixed mode, sharing, tiered, compressed oops, compressed class ptrs, g1 gc, windows-amd64)
GC Precious Log:
 CardTable entry size: 512
 Card Set container configuration: InlinePtr #cards 5 size 8 Array Of Cards #cards 10 size 36 Howl #buckets 4 coarsen threshold 1843 Howl Bitmap #cards 512 size 80 coarsen threshold 460 Card regions per heap region 1 cards per card region 2048
 CPUs: 8 total, 8 available
 Memory: 7975M
 Large Page Support: Disabled
 NUMA Support: Disabled
 Compressed Oops: Enabled (32-bit)
 Heap Region Size: 1M
 Heap Min Capacity: 8M
 Heap Initial Capacity: 126M
 Heap Max Capacity: 1994M
 Pre-touch: Disabled
 Parallel Workers: 8
 Concurrent Workers: 2
 Concurrent Refinement Workers: 8
 Periodic GC: Disabled
Heap:
 garbage-first heap   total reserved 2041856K, committed 89088K, used 52432K [0x0000000083600000, 0x0000000100000000)
  region size 1024K, 3 young (3072K), 2 survivors (2048K)
 Metaspace       used 94897K, committed 95808K, reserved 1179648K
  class space    used 10300K, committed 10688K, reserved 1048576K
GC Heap History (20 events):
Event: 14.788 GC heap before
{Heap before GC invocations=32 (full 0):
 garbage-first heap   total reserved 2041856K, committed 84992K, used 74926K [0x0000000083600000, 0x0000000100000000)
  region size 1024K, 34 young (34816K), 4 survivors (4096K)
 Metaspace       used 80162K, committed 80704K, reserved 1179648K
  class space    used 8799K, committed 9024K, reserved 1048576K
}
Event: 14.790 GC heap after
{Heap after GC invocations=33 (full 0):
 garbage-first heap   total reserved 2041856K, committed 84992K, used 41694K [0x0000000083600000, 0x0000000100000000)
  region size 1024K, 1 young (1024K), 1 survivors (1024K)
 Metaspace       used 80162K, committed 80704K, reserved 1179648K
  class space    used 8799K, committed 9024K, reserved 1048576K
}
Event: 15.162 GC heap before
{Heap before GC invocations=34 (full 0):
 garbage-first heap   total reserved 2041856K, committed 84992K, used 75486K [0x0000000083600000, 0x0000000100000000)
  region size 1024K, 34 young (34816K), 1 survivors (1024K)
 Metaspace       used 80934K, committed 81536K, reserved 1179648K
  class space    used 8848K, committed 9088K, reserved 1048576K
}
Event: 15.164 GC heap after
{Heap after GC invocations=35 (full 0):
 garbage-first heap   total reserved 2041856K, committed 84992K, used 43577K [0x0000000083600000, 0x0000000100000000)
  region size 1024K, 3 young (3072K), 3 survivors (3072K)
 Metaspace       used 80934K, committed 81536K, reserved 1179648K
  class space    used 8848K, committed 9088K, reserved 1048576K
}
Event: 16.040 GC heap before
{Heap before GC invocations=35 (full 0):
 garbage-first heap   total reserved 2041856K, committed 84992K, used 75321K [0x0000000083600000, 0x0000000100000000)
  region size 1024K, 34 young (34816K), 3 survivors (3072K)
 Metaspace       used 83278K, committed 83840K, reserved 1179648K
  class space    used 9111K, committed 9344K, reserved 1048576K
}
Event: 16.047 GC heap after
{Heap after GC invocations=36 (full 0):
 garbage-first heap   total reserved 2041856K, committed 84992K, used 45698K [0x0000000083600000, 0x0000000100000000)
  region size 1024K, 5 young (5120K), 5 survivors (5120K)
 Metaspace       used 83278K, committed 83840K, reserved 1179648K
  class space    used 9111K, committed 9344K, reserved 1048576K
}
Event: 16.723 GC heap before
{Heap before GC invocations=36 (full 0):
 garbage-first heap   total reserved 2041856K, committed 84992K, used 74370K [0x0000000083600000, 0x0000000100000000)
  region size 1024K, 33 young (33792K), 5 survivors (5120K)
 Metaspace       used 85751K, committed 86400K, reserved 1179648K
  class space    used 9426K, committed 9664K, reserved 1048576K
}
Event: 16.729 GC heap after
{Heap after GC invocations=37 (full 0):
 garbage-first heap   total reserved 2041856K, committed 84992K, used 48952K [0x0000000083600000, 0x0000000100000000)
  region size 1024K, 3 young (3072K), 3 survivors (3072K)
 Metaspace       used 85751K, committed 86400K, reserved 1179648K
  class space    used 9426K, committed 9664K, reserved 1048576K
}
Event: 610.859 GC heap before
{Heap before GC invocations=38 (full 0):
 garbage-first heap   total reserved 2041856K, committed 84992K, used 75576K [0x0000000083600000, 0x0000000100000000)
  region size 1024K, 30 young (30720K), 3 survivors (3072K)
 Metaspace       used 87629K, committed 88256K, reserved 1179648K
  class space    used 9614K, committed 9856K, reserved 1048576K
}
Event: 611.011 GC heap after
{Heap after GC invocations=39 (full 0):
 garbage-first heap   total reserved 2041856K, committed 84992K, used 49320K [0x0000000083600000, 0x0000000100000000)
  region size 1024K, 1 young (1024K), 1 survivors (1024K)
 Metaspace       used 87629K, committed 88256K, reserved 1179648K
  class space    used 9614K, committed 9856K, reserved 1048576K
}
Event: 1061.015 GC heap before
{Heap before GC invocations=39 (full 0):
 garbage-first heap   total reserved 2041856K, committed 84992K, used 76968K [0x0000000083600000, 0x0000000100000000)
  region size 1024K, 29 young (29696K), 1 survivors (1024K)
 Metaspace       used 92431K, committed 93120K, reserved 1179648K
  class space    used 10205K, committed 10496K, reserved 1048576K
}
Event: 1061.034 GC heap after
{Heap after GC invocations=40 (full 0):
 garbage-first heap   total reserved 2041856K, committed 84992K, used 50874K [0x0000000083600000, 0x0000000100000000)
  region size 1024K, 3 young (3072K), 3 survivors (3072K)
 Metaspace       used 92431K, committed 93120K, reserved 1179648K
  class space    used 10205K, committed 10496K, reserved 1048576K
}
Event: 1068.391 GC heap before
{Heap before GC invocations=40 (full 0):
 garbage-first heap   total reserved 2041856K, committed 84992K, used 75450K [0x0000000083600000, 0x0000000100000000)
  region size 1024K, 27 young (27648K), 3 survivors (3072K)
 Metaspace       used 93817K, committed 94464K, reserved 1179648K
  class space    used 10335K, committed 10624K, reserved 1048576K
}
Event: 1068.406 GC heap after
{Heap after GC invocations=41 (full 0):
 garbage-first heap   total reserved 2041856K, committed 84992K, used 52716K [0x0000000083600000, 0x0000000100000000)
  region size 1024K, 4 young (4096K), 4 survivors (4096K)
 Metaspace       used 93817K, committed 94464K, reserved 1179648K
  class space    used 10335K, committed 10624K, reserved 1048576K
}
Event: 1612.452 GC heap before
{Heap before GC invocations=42 (full 0):
 garbage-first heap   total reserved 2041856K, committed 89088K, used 75244K [0x0000000083600000, 0x0000000100000000)
  region size 1024K, 26 young (26624K), 4 survivors (4096K)
 Metaspace       used 94273K, committed 94976K, reserved 1179648K
  class space    used 10354K, committed 10624K, reserved 1048576K
}
Event: 1612.513 GC heap after
{Heap after GC invocations=43 (full 0):
 garbage-first heap   total reserved 2041856K, committed 89088K, used 53153K [0x0000000083600000, 0x0000000100000000)
  region size 1024K, 3 young (3072K), 3 survivors (3072K)
 Metaspace       used 94273K, committed 94976K, reserved 1179648K
  class space    used 10354K, committed 10624K, reserved 1048576K
}
Event: 2435.001 GC heap before
{Heap before GC invocations=43 (full 0):
 garbage-first heap   total reserved 2041856K, committed 89088K, used 78753K [0x0000000083600000, 0x0000000100000000)
  region size 1024K, 29 young (29696K), 3 survivors (3072K)
 Metaspace       used 94536K, committed 95232K, reserved 1179648K
  class space    used 10359K, committed 10688K, reserved 1048576K
}
Event: 2435.042 GC heap after
{Heap after GC invocations=44 (full 0):
 garbage-first heap   total reserved 2041856K, committed 89088K, used 52259K [0x0000000083600000, 0x0000000100000000)
  region size 1024K, 2 young (2048K), 2 survivors (2048K)
 Metaspace       used 94536K, committed 95232K, reserved 1179648K
  class space    used 10359K, committed 10688K, reserved 1048576K
}
Event: 3044.684 GC heap before
{Heap before GC invocations=44 (full 0):
 garbage-first heap   total reserved 2041856K, committed 89088K, used 79907K [0x0000000083600000, 0x0000000100000000)
  region size 1024K, 30 young (30720K), 2 survivors (2048K)
 Metaspace       used 95095K, committed 95808K, reserved 1179648K
  class space    used 10365K, committed 10688K, reserved 1048576K
}
Event: 3044.737 GC heap after
{Heap after GC invocations=45 (full 0):
 garbage-first heap   total reserved 2041856K, committed 89088K, used 52432K [0x0000000083600000, 0x0000000100000000)
  region size 1024K, 2 young (2048K), 2 survivors (2048K)
 Metaspace       used 95095K, committed 95808K, reserved 1179648K
  class space    used 10365K, committed 10688K, reserved 1048576K
}

