# JRE version: OpenJDK Runtime Environment (24.0.1+9) (build 24.0.1+9-30)
# Java VM: OpenJDK 64-Bit Server VM (24.0.1+9-30, mixed mode, sharing, tiered, compressed oops, compressed class ptrs, g1 gc, windows-amd64)
GC Precious Log:
 CardTable entry size: 512
 Card Set container configuration: InlinePtr #cards 5 size 8 Array Of Cards #cards 10 size 36 Howl #buckets 4 coarsen threshold 1843 Howl Bitmap #cards 512 size 80 coarsen threshold 460 Card regions per heap region 1 cards per card region 2048
 CPUs: 8 total, 8 available
 Memory: 7975M
 Large Page Support: Disabled
 NUMA Support: Disabled
 Compressed Oops: Enabled (32-bit)
 Heap Region Size: 1M
 Heap Min Capacity: 8M
 Heap Initial Capacity: 126M
 Heap Max Capacity: 1994M
 Pre-touch: Disabled
 Parallel Workers: 8
 Concurrent Workers: 2
 Concurrent Refinement Workers: 8
 Periodic GC: Disabled
Heap:
 garbage-first heap   total reserved 2041856K, committed 198656K, used 60528K [0x0000000083600000, 0x0000000100000000)
  region size 1024K, 7 young (7168K), 4 survivors (4096K)
 Metaspace       used 95713K, committed 96704K, reserved 1179648K
  class space    used 10256K, committed 10688K, reserved 1048576K
GC Heap History (20 events):
Event: 15.262 GC heap before
{Heap before GC invocations=26 (full 0):
 garbage-first heap   total reserved 2041856K, committed 63488K, used 55401K [0x0000000083600000, 0x0000000100000000)
  region size 1024K, 20 young (20480K), 2 survivors (2048K)
 Metaspace       used 79311K, committed 79872K, reserved 1179648K
  class space    used 8691K, committed 8960K, reserved 1048576K
}
Event: 15.264 GC heap after
{Heap after GC invocations=27 (full 0):
 garbage-first heap   total reserved 2041856K, committed 76800K, used 38424K [0x0000000083600000, 0x0000000100000000)
  region size 1024K, 2 young (2048K), 2 survivors (2048K)
 Metaspace       used 79311K, committed 79872K, reserved 1179648K
  class space    used 8691K, committed 8960K, reserved 1048576K
}
Event: 15.377 GC heap before
{Heap before GC invocations=27 (full 0):
 garbage-first heap   total reserved 2041856K, committed 76800K, used 67096K [0x0000000083600000, 0x0000000100000000)
  region size 1024K, 30 young (30720K), 2 survivors (2048K)
 Metaspace       used 79578K, committed 80192K, reserved 1179648K
  class space    used 8714K, committed 8960K, reserved 1048576K
}
Event: 15.380 GC heap after
{Heap after GC invocations=28 (full 0):
 garbage-first heap   total reserved 2041856K, committed 76800K, used 39366K [0x0000000083600000, 0x0000000100000000)
  region size 1024K, 3 young (3072K), 3 survivors (3072K)
 Metaspace       used 79578K, committed 80192K, reserved 1179648K
  class space    used 8714K, committed 8960K, reserved 1048576K
}
Event: 15.547 GC heap before
{Heap before GC invocations=29 (full 0):
 garbage-first heap   total reserved 2041856K, committed 76800K, used 68038K [0x0000000083600000, 0x0000000100000000)
  region size 1024K, 31 young (31744K), 3 survivors (3072K)
 Metaspace       used 80050K, committed 80640K, reserved 1179648K
  class space    used 8788K, committed 9024K, reserved 1048576K
}
Event: 15.550 GC heap after
{Heap after GC invocations=30 (full 0):
 garbage-first heap   total reserved 2041856K, committed 76800K, used 40269K [0x0000000083600000, 0x0000000100000000)
  region size 1024K, 3 young (3072K), 3 survivors (3072K)
 Metaspace       used 80050K, committed 80640K, reserved 1179648K
  class space    used 8788K, committed 9024K, reserved 1048576K
}
Event: 15.593 GC heap before
{Heap before GC invocations=30 (full 0):
 garbage-first heap   total reserved 2041856K, committed 76800K, used 67917K [0x0000000083600000, 0x0000000100000000)
  region size 1024K, 30 young (30720K), 3 survivors (3072K)
 Metaspace       used 80060K, committed 80640K, reserved 1179648K
  class space    used 8789K, committed 9024K, reserved 1048576K
}
Event: 15.597 GC heap after
{Heap after GC invocations=31 (full 0):
 garbage-first heap   total reserved 2041856K, committed 76800K, used 40286K [0x0000000083600000, 0x0000000100000000)
  region size 1024K, 3 young (3072K), 3 survivors (3072K)
 Metaspace       used 80060K, committed 80640K, reserved 1179648K
  class space    used 8789K, committed 9024K, reserved 1048576K
}
Event: 15.638 GC heap before
{Heap before GC invocations=31 (full 0):
 garbage-first heap   total reserved 2041856K, committed 76800K, used 67934K [0x0000000083600000, 0x0000000100000000)
  region size 1024K, 30 young (30720K), 3 survivors (3072K)
 Metaspace       used 80072K, committed 80640K, reserved 1179648K
  class space    used 8792K, committed 9024K, reserved 1048576K
}
Event: 15.641 GC heap after
{Heap after GC invocations=32 (full 0):
 garbage-first heap   total reserved 2041856K, committed 76800K, used 41385K [0x0000000083600000, 0x0000000100000000)
  region size 1024K, 3 young (3072K), 3 survivors (3072K)
 Metaspace       used 80072K, committed 80640K, reserved 1179648K
  class space    used 8792K, committed 9024K, reserved 1048576K
}
Event: 15.691 GC heap before
{Heap before GC invocations=33 (full 0):
 garbage-first heap   total reserved 2041856K, committed 76800K, used 68009K [0x0000000083600000, 0x0000000100000000)
  region size 1024K, 29 young (29696K), 3 survivors (3072K)
 Metaspace       used 80078K, committed 80640K, reserved 1179648K
  class space    used 8792K, committed 9024K, reserved 1048576K
}
Event: 15.695 GC heap after
{Heap after GC invocations=34 (full 0):
 garbage-first heap   total reserved 2041856K, committed 76800K, used 44032K [0x0000000083600000, 0x0000000100000000)
  region size 1024K, 4 young (4096K), 4 survivors (4096K)
 Metaspace       used 80078K, committed 80640K, reserved 1179648K
  class space    used 8792K, committed 9024K, reserved 1048576K
}
Event: 15.724 GC heap before
{Heap before GC invocations=34 (full 0):
 garbage-first heap   total reserved 2041856K, committed 76800K, used 67584K [0x0000000083600000, 0x0000000100000000)
  region size 1024K, 27 young (27648K), 4 survivors (4096K)
 Metaspace       used 80078K, committed 80640K, reserved 1179648K
  class space    used 8792K, committed 9024K, reserved 1048576K
}
Event: 15.735 GC heap after
{Heap after GC invocations=35 (full 0):
 garbage-first heap   total reserved 2041856K, committed 201728K, used 53226K [0x0000000083600000, 0x0000000100000000)
  region size 1024K, 4 young (4096K), 4 survivors (4096K)
 Metaspace       used 80078K, committed 80640K, reserved 1179648K
  class space    used 8792K, committed 9024K, reserved 1048576K
}
Event: 18.250 GC heap before
{Heap before GC invocations=35 (full 0):
 garbage-first heap   total reserved 2041856K, committed 201728K, used 168938K [0x0000000083600000, 0x0000000100000000)
  region size 1024K, 118 young (120832K), 4 survivors (4096K)
 Metaspace       used 87177K, committed 87808K, reserved 1179648K
  class space    used 9610K, committed 9856K, reserved 1048576K
}
Event: 18.260 GC heap after
{Heap after GC invocations=36 (full 0):
 garbage-first heap   total reserved 2041856K, committed 201728K, used 60969K [0x0000000083600000, 0x0000000100000000)
  region size 1024K, 12 young (12288K), 12 survivors (12288K)
 Metaspace       used 87177K, committed 87808K, reserved 1179648K
  class space    used 9610K, committed 9856K, reserved 1048576K
}
Event: 1356.573 GC heap before
{Heap before GC invocations=36 (full 0):
 garbage-first heap   total reserved 2041856K, committed 201728K, used 142889K [0x0000000083600000, 0x0000000100000000)
  region size 1024K, 93 young (95232K), 12 survivors (12288K)
 Metaspace       used 94997K, committed 95744K, reserved 1179648K
  class space    used 10296K, committed 10624K, reserved 1048576K
}
Event: 1356.710 GC heap after
{Heap after GC invocations=37 (full 0):
 garbage-first heap   total reserved 2041856K, committed 201728K, used 64777K [0x0000000083600000, 0x0000000100000000)
  region size 1024K, 4 young (4096K), 4 survivors (4096K)
 Metaspace       used 94997K, committed 95744K, reserved 1179648K
  class space    used 10296K, committed 10624K, reserved 1048576K
}
Event: 2613.019 GC heap before
{Heap before GC invocations=37 (full 0):
 garbage-first heap   total reserved 2041856K, committed 201728K, used 154889K [0x0000000083600000, 0x0000000100000000)
  region size 1024K, 93 young (95232K), 4 survivors (4096K)
 Metaspace       used 95934K, committed 96704K, reserved 1179648K
  class space    used 10319K, committed 10688K, reserved 1048576K
}
Event: 2613.070 GC heap after
{Heap after GC invocations=38 (full 0):
 garbage-first heap   total reserved 2041856K, committed 201728K, used 64624K [0x0000000083600000, 0x0000000100000000)
  region size 1024K, 4 young (4096K), 4 survivors (4096K)
 Metaspace       used 95934K, committed 96704K, reserved 1179648K
  class space    used 10319K, committed 10688K, reserved 1048576K
}

